<?xml version="1.0" encoding="UTF-8"?>
<testsuite xmlns:xsi="http://www.w3.org/2001/XMLSchema-instance" xsi:noNamespaceSchemaLocation="https://maven.apache.org/surefire/maven-surefire-plugin/xsd/surefire-test-report-3.0.xsd" version="3.0" name="com.solventum.shortlink.controller.ConcurrencyControlTest" time="1.66" tests="4" errors="0" skipped="0" failures="0">
  <properties>
    <property name="java.specification.version" value="23"/>
    <property name="sun.jnu.encoding" value="UTF-8"/>
    <property name="java.class.path" value="/Users/brianlane/solventum/shortlink-service/target/test-classes:/Users/brianlane/solventum/shortlink-service/target/classes:/Users/brianlane/.m2/repository/org/springframework/boot/spring-boot-starter-web/3.2.1/spring-boot-starter-web-3.2.1.jar:/Users/brianlane/.m2/repository/org/springframework/boot/spring-boot-starter/3.2.1/spring-boot-starter-3.2.1.jar:/Users/brianlane/.m2/repository/org/springframework/boot/spring-boot/3.2.1/spring-boot-3.2.1.jar:/Users/brianlane/.m2/repository/org/springframework/boot/spring-boot-autoconfigure/3.2.1/spring-boot-autoconfigure-3.2.1.jar:/Users/brianlane/.m2/repository/org/springframework/boot/spring-boot-starter-logging/3.2.1/spring-boot-starter-logging-3.2.1.jar:/Users/brianlane/.m2/repository/ch/qos/logback/logback-classic/1.4.14/logback-classic-1.4.14.jar:/Users/brianlane/.m2/repository/ch/qos/logback/logback-core/1.4.14/logback-core-1.4.14.jar:/Users/brianlane/.m2/repository/org/apache/logging/log4j/log4j-to-slf4j/2.21.1/log4j-to-slf4j-2.21.1.jar:/Users/brianlane/.m2/repository/org/apache/logging/log4j/log4j-api/2.21.1/log4j-api-2.21.1.jar:/Users/brianlane/.m2/repository/org/slf4j/jul-to-slf4j/2.0.9/jul-to-slf4j-2.0.9.jar:/Users/brianlane/.m2/repository/jakarta/annotation/jakarta.annotation-api/2.1.1/jakarta.annotation-api-2.1.1.jar:/Users/brianlane/.m2/repository/org/yaml/snakeyaml/2.2/snakeyaml-2.2.jar:/Users/brianlane/.m2/repository/org/springframework/boot/spring-boot-starter-json/3.2.1/spring-boot-starter-json-3.2.1.jar:/Users/brianlane/.m2/repository/com/fasterxml/jackson/core/jackson-databind/2.15.3/jackson-databind-2.15.3.jar:/Users/brianlane/.m2/repository/com/fasterxml/jackson/core/jackson-annotations/2.15.3/jackson-annotations-2.15.3.jar:/Users/brianlane/.m2/repository/com/fasterxml/jackson/core/jackson-core/2.15.3/jackson-core-2.15.3.jar:/Users/brianlane/.m2/repository/com/fasterxml/jackson/datatype/jackson-datatype-jdk8/2.15.3/jackson-datatype-jdk8-2.15.3.jar:/Users/brianlane/.m2/repository/com/fasterxml/jackson/datatype/jackson-datatype-jsr310/2.15.3/jackson-datatype-jsr310-2.15.3.jar:/Users/brianlane/.m2/repository/com/fasterxml/jackson/module/jackson-module-parameter-names/2.15.3/jackson-module-parameter-names-2.15.3.jar:/Users/brianlane/.m2/repository/org/springframework/boot/spring-boot-starter-tomcat/3.2.1/spring-boot-starter-tomcat-3.2.1.jar:/Users/brianlane/.m2/repository/org/apache/tomcat/embed/tomcat-embed-core/10.1.17/tomcat-embed-core-10.1.17.jar:/Users/brianlane/.m2/repository/org/apache/tomcat/embed/tomcat-embed-websocket/10.1.17/tomcat-embed-websocket-10.1.17.jar:/Users/brianlane/.m2/repository/org/springframework/spring-web/6.1.2/spring-web-6.1.2.jar:/Users/brianlane/.m2/repository/org/springframework/spring-beans/6.1.2/spring-beans-6.1.2.jar:/Users/brianlane/.m2/repository/org/springframework/spring-webmvc/6.1.2/spring-webmvc-6.1.2.jar:/Users/brianlane/.m2/repository/org/springframework/spring-aop/6.1.2/spring-aop-6.1.2.jar:/Users/brianlane/.m2/repository/org/springframework/spring-context/6.1.2/spring-context-6.1.2.jar:/Users/brianlane/.m2/repository/org/springframework/spring-expression/6.1.2/spring-expression-6.1.2.jar:/Users/brianlane/.m2/repository/org/springframework/boot/spring-boot-starter-validation/3.2.1/spring-boot-starter-validation-3.2.1.jar:/Users/brianlane/.m2/repository/org/apache/tomcat/embed/tomcat-embed-el/10.1.17/tomcat-embed-el-10.1.17.jar:/Users/brianlane/.m2/repository/org/hibernate/validator/hibernate-validator/8.0.1.Final/hibernate-validator-8.0.1.Final.jar:/Users/brianlane/.m2/repository/jakarta/validation/jakarta.validation-api/3.0.2/jakarta.validation-api-3.0.2.jar:/Users/brianlane/.m2/repository/org/jboss/logging/jboss-logging/3.5.3.Final/jboss-logging-3.5.3.Final.jar:/Users/brianlane/.m2/repository/com/fasterxml/classmate/1.6.0/classmate-1.6.0.jar:/Users/brianlane/.m2/repository/org/springframework/boot/spring-boot-starter-actuator/3.2.1/spring-boot-starter-actuator-3.2.1.jar:/Users/brianlane/.m2/repository/org/springframework/boot/spring-boot-actuator-autoconfigure/3.2.1/spring-boot-actuator-autoconfigure-3.2.1.jar:/Users/brianlane/.m2/repository/org/springframework/boot/spring-boot-actuator/3.2.1/spring-boot-actuator-3.2.1.jar:/Users/brianlane/.m2/repository/io/micrometer/micrometer-observation/1.12.1/micrometer-observation-1.12.1.jar:/Users/brianlane/.m2/repository/io/micrometer/micrometer-commons/1.12.1/micrometer-commons-1.12.1.jar:/Users/brianlane/.m2/repository/io/micrometer/micrometer-jakarta9/1.12.1/micrometer-jakarta9-1.12.1.jar:/Users/brianlane/.m2/repository/io/micrometer/micrometer-core/1.12.1/micrometer-core-1.12.1.jar:/Users/brianlane/.m2/repository/org/hdrhistogram/HdrHistogram/2.1.12/HdrHistogram-2.1.12.jar:/Users/brianlane/.m2/repository/org/latencyutils/LatencyUtils/2.0.3/LatencyUtils-2.0.3.jar:/Users/brianlane/.m2/repository/org/springframework/boot/spring-boot-starter-test/3.2.1/spring-boot-starter-test-3.2.1.jar:/Users/brianlane/.m2/repository/org/springframework/boot/spring-boot-test/3.2.1/spring-boot-test-3.2.1.jar:/Users/brianlane/.m2/repository/org/springframework/boot/spring-boot-test-autoconfigure/3.2.1/spring-boot-test-autoconfigure-3.2.1.jar:/Users/brianlane/.m2/repository/com/jayway/jsonpath/json-path/2.8.0/json-path-2.8.0.jar:/Users/brianlane/.m2/repository/org/slf4j/slf4j-api/2.0.9/slf4j-api-2.0.9.jar:/Users/brianlane/.m2/repository/jakarta/xml/bind/jakarta.xml.bind-api/4.0.1/jakarta.xml.bind-api-4.0.1.jar:/Users/brianlane/.m2/repository/jakarta/activation/jakarta.activation-api/2.1.2/jakarta.activation-api-2.1.2.jar:/Users/brianlane/.m2/repository/net/minidev/json-smart/2.5.0/json-smart-2.5.0.jar:/Users/brianlane/.m2/repository/net/minidev/accessors-smart/2.5.0/accessors-smart-2.5.0.jar:/Users/brianlane/.m2/repository/org/ow2/asm/asm/9.3/asm-9.3.jar:/Users/brianlane/.m2/repository/org/assertj/assertj-core/3.24.2/assertj-core-3.24.2.jar:/Users/brianlane/.m2/repository/net/bytebuddy/byte-buddy/1.14.10/byte-buddy-1.14.10.jar:/Users/brianlane/.m2/repository/org/awaitility/awaitility/4.2.0/awaitility-4.2.0.jar:/Users/brianlane/.m2/repository/org/hamcrest/hamcrest/2.2/hamcrest-2.2.jar:/Users/brianlane/.m2/repository/org/junit/jupiter/junit-jupiter/5.10.1/junit-jupiter-5.10.1.jar:/Users/brianlane/.m2/repository/org/junit/jupiter/junit-jupiter-api/5.10.1/junit-jupiter-api-5.10.1.jar:/Users/brianlane/.m2/repository/org/opentest4j/opentest4j/1.3.0/opentest4j-1.3.0.jar:/Users/brianlane/.m2/repository/org/junit/platform/junit-platform-commons/1.10.1/junit-platform-commons-1.10.1.jar:/Users/brianlane/.m2/repository/org/apiguardian/apiguardian-api/1.1.2/apiguardian-api-1.1.2.jar:/Users/brianlane/.m2/repository/org/junit/jupiter/junit-jupiter-params/5.10.1/junit-jupiter-params-5.10.1.jar:/Users/brianlane/.m2/repository/org/junit/jupiter/junit-jupiter-engine/5.10.1/junit-jupiter-engine-5.10.1.jar:/Users/brianlane/.m2/repository/org/junit/platform/junit-platform-engine/1.10.1/junit-platform-engine-1.10.1.jar:/Users/brianlane/.m2/repository/org/mockito/mockito-core/5.7.0/mockito-core-5.7.0.jar:/Users/brianlane/.m2/repository/net/bytebuddy/byte-buddy-agent/1.14.10/byte-buddy-agent-1.14.10.jar:/Users/brianlane/.m2/repository/org/objenesis/objenesis/3.3/objenesis-3.3.jar:/Users/brianlane/.m2/repository/org/mockito/mockito-junit-jupiter/5.7.0/mockito-junit-jupiter-5.7.0.jar:/Users/brianlane/.m2/repository/org/skyscreamer/jsonassert/1.5.1/jsonassert-1.5.1.jar:/Users/brianlane/.m2/repository/com/vaadin/external/google/android-json/0.0.20131108.vaadin1/android-json-0.0.20131108.vaadin1.jar:/Users/brianlane/.m2/repository/org/springframework/spring-core/6.1.2/spring-core-6.1.2.jar:/Users/brianlane/.m2/repository/org/springframework/spring-jcl/6.1.2/spring-jcl-6.1.2.jar:/Users/brianlane/.m2/repository/org/springframework/spring-test/6.1.2/spring-test-6.1.2.jar:/Users/brianlane/.m2/repository/org/xmlunit/xmlunit-core/2.9.1/xmlunit-core-2.9.1.jar:"/>
    <property name="java.vm.vendor" value="Homebrew"/>
    <property name="sun.arch.data.model" value="64"/>
    <property name="catalina.useNaming" value="false"/>
    <property name="java.vendor.url" value="https://github.com/Homebrew/homebrew-core/issues"/>
    <property name="user.timezone" value="America/Phoenix"/>
    <property name="org.jboss.logging.provider" value="slf4j"/>
    <property name="os.name" value="Mac OS X"/>
    <property name="java.vm.specification.version" value="23"/>
    <property name="sun.java.launcher" value="SUN_STANDARD"/>
    <property name="user.country" value="US"/>
    <property name="sun.boot.library.path" value="/usr/local/Cellar/openjdk/23.0.2/libexec/openjdk.jdk/Contents/Home/lib"/>
    <property name="sun.java.command" value="/Users/brianlane/solventum/shortlink-service/target/surefire/surefirebooter-20250520172255299_3.jar /Users/brianlane/solventum/shortlink-service/target/surefire 2025-05-20T17-22-55_180-jvmRun1 surefire-20250520172255299_1tmp surefire_0-20250520172255299_2tmp"/>
    <property name="http.nonProxyHosts" value="local|*.local|169.254/16|*.169.254/16"/>
    <property name="jdk.debug" value="release"/>
    <property name="surefire.test.class.path" value="/Users/brianlane/solventum/shortlink-service/target/test-classes:/Users/brianlane/solventum/shortlink-service/target/classes:/Users/brianlane/.m2/repository/org/springframework/boot/spring-boot-starter-web/3.2.1/spring-boot-starter-web-3.2.1.jar:/Users/brianlane/.m2/repository/org/springframework/boot/spring-boot-starter/3.2.1/spring-boot-starter-3.2.1.jar:/Users/brianlane/.m2/repository/org/springframework/boot/spring-boot/3.2.1/spring-boot-3.2.1.jar:/Users/brianlane/.m2/repository/org/springframework/boot/spring-boot-autoconfigure/3.2.1/spring-boot-autoconfigure-3.2.1.jar:/Users/brianlane/.m2/repository/org/springframework/boot/spring-boot-starter-logging/3.2.1/spring-boot-starter-logging-3.2.1.jar:/Users/brianlane/.m2/repository/ch/qos/logback/logback-classic/1.4.14/logback-classic-1.4.14.jar:/Users/brianlane/.m2/repository/ch/qos/logback/logback-core/1.4.14/logback-core-1.4.14.jar:/Users/brianlane/.m2/repository/org/apache/logging/log4j/log4j-to-slf4j/2.21.1/log4j-to-slf4j-2.21.1.jar:/Users/brianlane/.m2/repository/org/apache/logging/log4j/log4j-api/2.21.1/log4j-api-2.21.1.jar:/Users/brianlane/.m2/repository/org/slf4j/jul-to-slf4j/2.0.9/jul-to-slf4j-2.0.9.jar:/Users/brianlane/.m2/repository/jakarta/annotation/jakarta.annotation-api/2.1.1/jakarta.annotation-api-2.1.1.jar:/Users/brianlane/.m2/repository/org/yaml/snakeyaml/2.2/snakeyaml-2.2.jar:/Users/brianlane/.m2/repository/org/springframework/boot/spring-boot-starter-json/3.2.1/spring-boot-starter-json-3.2.1.jar:/Users/brianlane/.m2/repository/com/fasterxml/jackson/core/jackson-databind/2.15.3/jackson-databind-2.15.3.jar:/Users/brianlane/.m2/repository/com/fasterxml/jackson/core/jackson-annotations/2.15.3/jackson-annotations-2.15.3.jar:/Users/brianlane/.m2/repository/com/fasterxml/jackson/core/jackson-core/2.15.3/jackson-core-2.15.3.jar:/Users/brianlane/.m2/repository/com/fasterxml/jackson/datatype/jackson-datatype-jdk8/2.15.3/jackson-datatype-jdk8-2.15.3.jar:/Users/brianlane/.m2/repository/com/fasterxml/jackson/datatype/jackson-datatype-jsr310/2.15.3/jackson-datatype-jsr310-2.15.3.jar:/Users/brianlane/.m2/repository/com/fasterxml/jackson/module/jackson-module-parameter-names/2.15.3/jackson-module-parameter-names-2.15.3.jar:/Users/brianlane/.m2/repository/org/springframework/boot/spring-boot-starter-tomcat/3.2.1/spring-boot-starter-tomcat-3.2.1.jar:/Users/brianlane/.m2/repository/org/apache/tomcat/embed/tomcat-embed-core/10.1.17/tomcat-embed-core-10.1.17.jar:/Users/brianlane/.m2/repository/org/apache/tomcat/embed/tomcat-embed-websocket/10.1.17/tomcat-embed-websocket-10.1.17.jar:/Users/brianlane/.m2/repository/org/springframework/spring-web/6.1.2/spring-web-6.1.2.jar:/Users/brianlane/.m2/repository/org/springframework/spring-beans/6.1.2/spring-beans-6.1.2.jar:/Users/brianlane/.m2/repository/org/springframework/spring-webmvc/6.1.2/spring-webmvc-6.1.2.jar:/Users/brianlane/.m2/repository/org/springframework/spring-aop/6.1.2/spring-aop-6.1.2.jar:/Users/brianlane/.m2/repository/org/springframework/spring-context/6.1.2/spring-context-6.1.2.jar:/Users/brianlane/.m2/repository/org/springframework/spring-expression/6.1.2/spring-expression-6.1.2.jar:/Users/brianlane/.m2/repository/org/springframework/boot/spring-boot-starter-validation/3.2.1/spring-boot-starter-validation-3.2.1.jar:/Users/brianlane/.m2/repository/org/apache/tomcat/embed/tomcat-embed-el/10.1.17/tomcat-embed-el-10.1.17.jar:/Users/brianlane/.m2/repository/org/hibernate/validator/hibernate-validator/8.0.1.Final/hibernate-validator-8.0.1.Final.jar:/Users/brianlane/.m2/repository/jakarta/validation/jakarta.validation-api/3.0.2/jakarta.validation-api-3.0.2.jar:/Users/brianlane/.m2/repository/org/jboss/logging/jboss-logging/3.5.3.Final/jboss-logging-3.5.3.Final.jar:/Users/brianlane/.m2/repository/com/fasterxml/classmate/1.6.0/classmate-1.6.0.jar:/Users/brianlane/.m2/repository/org/springframework/boot/spring-boot-starter-actuator/3.2.1/spring-boot-starter-actuator-3.2.1.jar:/Users/brianlane/.m2/repository/org/springframework/boot/spring-boot-actuator-autoconfigure/3.2.1/spring-boot-actuator-autoconfigure-3.2.1.jar:/Users/brianlane/.m2/repository/org/springframework/boot/spring-boot-actuator/3.2.1/spring-boot-actuator-3.2.1.jar:/Users/brianlane/.m2/repository/io/micrometer/micrometer-observation/1.12.1/micrometer-observation-1.12.1.jar:/Users/brianlane/.m2/repository/io/micrometer/micrometer-commons/1.12.1/micrometer-commons-1.12.1.jar:/Users/brianlane/.m2/repository/io/micrometer/micrometer-jakarta9/1.12.1/micrometer-jakarta9-1.12.1.jar:/Users/brianlane/.m2/repository/io/micrometer/micrometer-core/1.12.1/micrometer-core-1.12.1.jar:/Users/brianlane/.m2/repository/org/hdrhistogram/HdrHistogram/2.1.12/HdrHistogram-2.1.12.jar:/Users/brianlane/.m2/repository/org/latencyutils/LatencyUtils/2.0.3/LatencyUtils-2.0.3.jar:/Users/brianlane/.m2/repository/org/springframework/boot/spring-boot-starter-test/3.2.1/spring-boot-starter-test-3.2.1.jar:/Users/brianlane/.m2/repository/org/springframework/boot/spring-boot-test/3.2.1/spring-boot-test-3.2.1.jar:/Users/brianlane/.m2/repository/org/springframework/boot/spring-boot-test-autoconfigure/3.2.1/spring-boot-test-autoconfigure-3.2.1.jar:/Users/brianlane/.m2/repository/com/jayway/jsonpath/json-path/2.8.0/json-path-2.8.0.jar:/Users/brianlane/.m2/repository/org/slf4j/slf4j-api/2.0.9/slf4j-api-2.0.9.jar:/Users/brianlane/.m2/repository/jakarta/xml/bind/jakarta.xml.bind-api/4.0.1/jakarta.xml.bind-api-4.0.1.jar:/Users/brianlane/.m2/repository/jakarta/activation/jakarta.activation-api/2.1.2/jakarta.activation-api-2.1.2.jar:/Users/brianlane/.m2/repository/net/minidev/json-smart/2.5.0/json-smart-2.5.0.jar:/Users/brianlane/.m2/repository/net/minidev/accessors-smart/2.5.0/accessors-smart-2.5.0.jar:/Users/brianlane/.m2/repository/org/ow2/asm/asm/9.3/asm-9.3.jar:/Users/brianlane/.m2/repository/org/assertj/assertj-core/3.24.2/assertj-core-3.24.2.jar:/Users/brianlane/.m2/repository/net/bytebuddy/byte-buddy/1.14.10/byte-buddy-1.14.10.jar:/Users/brianlane/.m2/repository/org/awaitility/awaitility/4.2.0/awaitility-4.2.0.jar:/Users/brianlane/.m2/repository/org/hamcrest/hamcrest/2.2/hamcrest-2.2.jar:/Users/brianlane/.m2/repository/org/junit/jupiter/junit-jupiter/5.10.1/junit-jupiter-5.10.1.jar:/Users/brianlane/.m2/repository/org/junit/jupiter/junit-jupiter-api/5.10.1/junit-jupiter-api-5.10.1.jar:/Users/brianlane/.m2/repository/org/opentest4j/opentest4j/1.3.0/opentest4j-1.3.0.jar:/Users/brianlane/.m2/repository/org/junit/platform/junit-platform-commons/1.10.1/junit-platform-commons-1.10.1.jar:/Users/brianlane/.m2/repository/org/apiguardian/apiguardian-api/1.1.2/apiguardian-api-1.1.2.jar:/Users/brianlane/.m2/repository/org/junit/jupiter/junit-jupiter-params/5.10.1/junit-jupiter-params-5.10.1.jar:/Users/brianlane/.m2/repository/org/junit/jupiter/junit-jupiter-engine/5.10.1/junit-jupiter-engine-5.10.1.jar:/Users/brianlane/.m2/repository/org/junit/platform/junit-platform-engine/1.10.1/junit-platform-engine-1.10.1.jar:/Users/brianlane/.m2/repository/org/mockito/mockito-core/5.7.0/mockito-core-5.7.0.jar:/Users/brianlane/.m2/repository/net/bytebuddy/byte-buddy-agent/1.14.10/byte-buddy-agent-1.14.10.jar:/Users/brianlane/.m2/repository/org/objenesis/objenesis/3.3/objenesis-3.3.jar:/Users/brianlane/.m2/repository/org/mockito/mockito-junit-jupiter/5.7.0/mockito-junit-jupiter-5.7.0.jar:/Users/brianlane/.m2/repository/org/skyscreamer/jsonassert/1.5.1/jsonassert-1.5.1.jar:/Users/brianlane/.m2/repository/com/vaadin/external/google/android-json/0.0.20131108.vaadin1/android-json-0.0.20131108.vaadin1.jar:/Users/brianlane/.m2/repository/org/springframework/spring-core/6.1.2/spring-core-6.1.2.jar:/Users/brianlane/.m2/repository/org/springframework/spring-jcl/6.1.2/spring-jcl-6.1.2.jar:/Users/brianlane/.m2/repository/org/springframework/spring-test/6.1.2/spring-test-6.1.2.jar:/Users/brianlane/.m2/repository/org/xmlunit/xmlunit-core/2.9.1/xmlunit-core-2.9.1.jar:"/>
    <property name="sun.cpu.endian" value="little"/>
    <property name="user.home" value="/Users/brianlane"/>
    <property name="user.language" value="en"/>
    <property name="java.specification.vendor" value="Oracle Corporation"/>
    <property name="java.version.date" value="2025-01-21"/>
    <property name="java.home" value="/usr/local/Cellar/openjdk/23.0.2/libexec/openjdk.jdk/Contents/Home"/>
    <property name="file.separator" value="/"/>
    <property name="basedir" value="/Users/brianlane/solventum/shortlink-service"/>
    <property name="java.vm.compressedOopsMode" value="Zero based"/>
    <property name="line.separator" value="&#10;"/>
    <property name="java.vm.specification.vendor" value="Oracle Corporation"/>
    <property name="java.specification.name" value="Java Platform API Specification"/>
    <property name="FILE_LOG_CHARSET" value="UTF-8"/>
    <property name="java.awt.headless" value="true"/>
    <property name="apple.awt.application.name" value="ForkedBooter"/>
    <property name="surefire.real.class.path" value="/Users/brianlane/solventum/shortlink-service/target/surefire/surefirebooter-20250520172255299_3.jar"/>
    <property name="sun.management.compiler" value="HotSpot 64-Bit Tiered Compilers"/>
    <property name="ftp.nonProxyHosts" value="local|*.local|169.254/16|*.169.254/16"/>
    <property name="java.runtime.version" value="23.0.2"/>
    <property name="user.name" value="brianlane"/>
    <property name="stdout.encoding" value="UTF-8"/>
    <property name="path.separator" value=":"/>
    <property name="os.version" value="15.5"/>
    <property name="java.runtime.name" value="OpenJDK Runtime Environment"/>
    <property name="file.encoding" value="UTF-8"/>
    <property name="FILE_LOG_PATTERN" value="%d{yyyy-MM-dd HH:mm:ss} [%thread] %-5level %logger{36} - %msg%n"/>
    <property name="java.vm.name" value="OpenJDK 64-Bit Server VM"/>
    <property name="java.vendor.version" value="Homebrew"/>
    <property name="localRepository" value="/Users/brianlane/.m2/repository"/>
    <property name="java.vendor.url.bug" value="https://github.com/Homebrew/homebrew-core/issues"/>
    <property name="java.io.tmpdir" value="/var/folders/q4/26fl3ggj3ssghv88y196jl2c0000gn/T/"/>
    <property name="catalina.home" value="/private/var/folders/q4/26fl3ggj3ssghv88y196jl2c0000gn/T/tomcat.0.6046227493606654082"/>
    <property name="java.version" value="23.0.2"/>
    <property name="user.dir" value="/Users/brianlane/solventum/shortlink-service"/>
    <property name="os.arch" value="x86_64"/>
    <property name="java.vm.specification.name" value="Java Virtual Machine Specification"/>
    <property name="PID" value="69556"/>
    <property name="CONSOLE_LOG_CHARSET" value="UTF-8"/>
    <property name="catalina.base" value="/private/var/folders/q4/26fl3ggj3ssghv88y196jl2c0000gn/T/tomcat.0.17529444095829912111"/>
    <property name="native.encoding" value="UTF-8"/>
    <property name="java.library.path" value="/Users/brianlane/Library/Java/Extensions:/Library/Java/Extensions:/Network/Library/Java/Extensions:/System/Library/Java/Extensions:/usr/lib/java:."/>
    <property name="java.vm.info" value="mixed mode, sharing"/>
    <property name="stderr.encoding" value="UTF-8"/>
    <property name="java.vendor" value="Homebrew"/>
    <property name="java.vm.version" value="23.0.2"/>
    <property name="sun.io.unicode.encoding" value="UnicodeBig"/>
    <property name="socksNonProxyHosts" value="local|*.local|169.254/16|*.169.254/16"/>
    <property name="java.class.version" value="67.0"/>
    <property name="CONSOLE_LOG_PATTERN" value="%d{yyyy-MM-dd HH:mm:ss} [%thread] %-5level %logger{36} - %msg%n"/>
    <property name="LOGGED_APPLICATION_NAME" value="[shortlink-service] "/>
  </properties>
  <testcase name="testHealthAndStatsNotAffectedByConcurrencyLimit" classname="com.solventum.shortlink.controller.ConcurrencyControlTest" time="0.127">
    <system-out><![CDATA[2025-05-20 17:23:03 [main] INFO  o.s.t.c.s.AnnotationConfigContextLoaderUtils - Could not detect default configuration classes for test class [com.solventum.shortlink.controller.ConcurrencyControlTest]: ConcurrencyControlTest does not declare any static, non-private, non-final, nested classes annotated with @Configuration.
2025-05-20 17:23:03 [main] INFO  o.s.b.t.c.SpringBootTestContextBootstrapper - Found @SpringBootConfiguration com.solventum.shortlink.ShortlinkApplication for test class com.solventum.shortlink.controller.ConcurrencyControlTest

  .   ____          _            __ _ _
 /\\ / ___'_ __ _ _(_)_ __  __ _ \ \ \ \
( ( )\___ | '_ | '_| | '_ \/ _` | \ \ \ \
 \\/  ___)| |_)| | | | | || (_| |  ) ) ) )
  '  |____| .__|_| |_|_| |_\__, | / / / /
 =========|_|==============|___/=/_/_/_/
&amp#27;[32m :: Spring Boot :: &amp#27;[39m              &amp#27;[2m (v3.2.1)&amp#27;[0;39m

2025-05-20 17:23:03 [main] INFO  c.s.s.c.ConcurrencyControlTest - Starting ConcurrencyControlTest using Java 23.0.2 with PID 69556 (started by brianlane in /Users/brianlane/solventum/shortlink-service)
2025-05-20 17:23:03 [main] DEBUG c.s.s.c.ConcurrencyControlTest - Running with Spring Boot v3.2.1, Spring v6.1.2
2025-05-20 17:23:03 [main] INFO  c.s.s.c.ConcurrencyControlTest - No active profile set, falling back to 1 default profile: "default"
2025-05-20 17:23:04 [main] INFO  o.s.b.w.e.tomcat.TomcatWebServer - Tomcat initialized with port 0 (http)
2025-05-20 17:23:04 [main] INFO  o.a.catalina.core.StandardService - Starting service [Tomcat]
2025-05-20 17:23:04 [main] INFO  o.a.catalina.core.StandardEngine - Starting Servlet engine: [Apache Tomcat/10.1.17]
2025-05-20 17:23:04 [main] INFO  o.a.c.c.C.[Tomcat-1].[localhost].[/] - Initializing Spring embedded WebApplicationContext
2025-05-20 17:23:04 [main] INFO  o.s.b.w.s.c.ServletWebServerApplicationContext - Root WebApplicationContext: initialization completed in 732 ms
2025-05-20 17:23:04 [main] TRACE o.s.w.s.m.m.a.RequestMappingHandlerMapping - 
	c.s.s.c.ShortlinkController:
	{POST [/api/encode]}: encodeUrl(EncodeRequest)
	{POST [/api/decode]}: decodeUrl(DecodeRequest)
	{GET [/api/stats]}: getStats()
	{GET [/api/health]}: health()
2025-05-20 17:23:04 [main] TRACE o.s.w.s.m.m.a.RequestMappingHandlerMapping - 
	o.s.b.a.w.s.e.BasicErrorController:
	{ [/error]}: error(HttpServletRequest)
	{ [/error], produces [text/html]}: errorHtml(HttpServletRequest,HttpServletResponse)
2025-05-20 17:23:04 [main] DEBUG o.s.w.s.m.m.a.RequestMappingHandlerMapping - 6 mappings in 'requestMappingHandlerMapping'
2025-05-20 17:23:04 [main] INFO  o.s.b.a.e.web.EndpointLinksResolver - Exposing 3 endpoint(s) beneath base path '/actuator'
2025-05-20 17:23:04 [main] INFO  o.s.b.w.e.tomcat.TomcatWebServer - Tomcat started on port 64146 (http) with context path ''
2025-05-20 17:23:04 [main] INFO  c.s.s.c.ConcurrencyControlTest - Started ConcurrencyControlTest in 1.167 seconds (process running for 9.232)
2025-05-20 17:23:04 [http-nio-auto-2-exec-7] INFO  o.a.c.c.C.[Tomcat-1].[localhost].[/] - Initializing Spring DispatcherServlet 'dispatcherServlet'
2025-05-20 17:23:04 [http-nio-auto-2-exec-7] INFO  o.s.web.servlet.DispatcherServlet - Initializing Servlet 'dispatcherServlet'
2025-05-20 17:23:04 [http-nio-auto-2-exec-7] INFO  o.s.web.servlet.DispatcherServlet - Completed initialization in 3 ms
2025-05-20 17:23:04 [http-nio-auto-2-exec-5] TRACE o.s.w.s.m.m.a.RequestMappingHandlerMapping - Mapped to com.solventum.shortlink.controller.ShortlinkController#health()
2025-05-20 17:23:04 [http-nio-auto-2-exec-6] TRACE o.s.w.s.m.m.a.RequestMappingHandlerMapping - Mapped to com.solventum.shortlink.controller.ShortlinkController#health()
2025-05-20 17:23:04 [http-nio-auto-2-exec-3] TRACE o.s.w.s.m.m.a.RequestMappingHandlerMapping - Mapped to com.solventum.shortlink.controller.ShortlinkController#health()
2025-05-20 17:23:04 [http-nio-auto-2-exec-9] TRACE o.s.w.s.m.m.a.RequestMappingHandlerMapping - Mapped to com.solventum.shortlink.controller.ShortlinkController#health()
2025-05-20 17:23:04 [http-nio-auto-2-exec-4] TRACE o.s.w.s.m.m.a.RequestMappingHandlerMapping - Mapped to com.solventum.shortlink.controller.ShortlinkController#health()
2025-05-20 17:23:04 [http-nio-auto-2-exec-7] TRACE o.s.w.s.m.m.a.RequestMappingHandlerMapping - Mapped to com.solventum.shortlink.controller.ShortlinkController#health()
2025-05-20 17:23:04 [http-nio-auto-2-exec-2] TRACE o.s.w.s.m.m.a.RequestMappingHandlerMapping - Mapped to com.solventum.shortlink.controller.ShortlinkController#health()
2025-05-20 17:23:04 [http-nio-auto-2-exec-1] TRACE o.s.w.s.m.m.a.RequestMappingHandlerMapping - Mapped to com.solventum.shortlink.controller.ShortlinkController#health()
2025-05-20 17:23:04 [http-nio-auto-2-exec-10] TRACE o.s.w.s.m.m.a.RequestMappingHandlerMapping - Mapped to com.solventum.shortlink.controller.ShortlinkController#health()
2025-05-20 17:23:04 [http-nio-auto-2-exec-8] TRACE o.s.w.s.m.m.a.RequestMappingHandlerMapping - Mapped to com.solventum.shortlink.controller.ShortlinkController#health()
]]></system-out>
  </testcase>
  <testcase name="testConcurrencyLimitForDecode" classname="com.solventum.shortlink.controller.ConcurrencyControlTest" time="0.178">
    <system-out><![CDATA[2025-05-20 17:23:04 [http-nio-auto-2-exec-4] TRACE o.s.w.s.m.m.a.RequestMappingHandlerMapping - Mapped to com.solventum.shortlink.controller.ShortlinkController#decodeUrl(DecodeRequest)
2025-05-20 17:23:04 [http-nio-auto-2-exec-1] TRACE o.s.w.s.m.m.a.RequestMappingHandlerMapping - Mapped to com.solventum.shortlink.controller.ShortlinkController#decodeUrl(DecodeRequest)
2025-05-20 17:23:04 [http-nio-auto-2-exec-5] TRACE o.s.w.s.m.m.a.RequestMappingHandlerMapping - Mapped to com.solventum.shortlink.controller.ShortlinkController#decodeUrl(DecodeRequest)
2025-05-20 17:23:04 [http-nio-auto-2-exec-3] TRACE o.s.w.s.m.m.a.RequestMappingHandlerMapping - Mapped to com.solventum.shortlink.controller.ShortlinkController#decodeUrl(DecodeRequest)
2025-05-20 17:23:04 [http-nio-auto-2-exec-6] TRACE o.s.w.s.m.m.a.RequestMappingHandlerMapping - Mapped to com.solventum.shortlink.controller.ShortlinkController#decodeUrl(DecodeRequest)
2025-05-20 17:23:04 [http-nio-auto-2-exec-10] TRACE o.s.w.s.m.m.a.RequestMappingHandlerMapping - Mapped to com.solventum.shortlink.controller.ShortlinkController#decodeUrl(DecodeRequest)
2025-05-20 17:23:04 [http-nio-auto-2-exec-7] TRACE o.s.w.s.m.m.a.RequestMappingHandlerMapping - Mapped to com.solventum.shortlink.controller.ShortlinkController#decodeUrl(DecodeRequest)
2025-05-20 17:23:04 [http-nio-auto-2-exec-9] TRACE o.s.w.s.m.m.a.RequestMappingHandlerMapping - Mapped to com.solventum.shortlink.controller.ShortlinkController#decodeUrl(DecodeRequest)
2025-05-20 17:23:04 [http-nio-auto-2-exec-4] DEBUG c.s.s.controller.ShortlinkController - Acquired permit, processing request. Available permits: 1
2025-05-20 17:23:04 [http-nio-auto-2-exec-10] DEBUG c.s.s.controller.ShortlinkController - Acquired permit, processing request. Available permits: 0
2025-05-20 17:23:04 [http-nio-auto-2-exec-3] WARN  c.s.s.controller.ShortlinkController - Request rejected - service is busy. Available permits: 0
2025-05-20 17:23:04 [http-nio-auto-2-exec-6] DEBUG c.s.s.controller.ShortlinkController - Acquired permit, processing request. Available permits: 1
2025-05-20 17:23:04 [http-nio-auto-2-exec-6] INFO  c.s.s.controller.ShortlinkController - Received decode request for short URL: http://short.est/d
2025-05-20 17:23:04 [http-nio-auto-2-exec-4] INFO  c.s.s.controller.ShortlinkController - Received decode request for short URL: http://short.est/b
2025-05-20 17:23:04 [http-nio-auto-2-exec-6] DEBUG c.s.s.controller.ShortlinkController - Decode successful, returning response: DecodeResponse{originalUrl='https://test3.com', shortUrl='http://short.est/d', timestamp=1747786984918}
2025-05-20 17:23:04 [http-nio-auto-2-exec-10] INFO  c.s.s.controller.ShortlinkController - Received decode request for short URL: http://short.est/c
2025-05-20 17:23:04 [http-nio-auto-2-exec-5] WARN  c.s.s.controller.ShortlinkController - Request rejected - service is busy. Available permits: 0
2025-05-20 17:23:04 [http-nio-auto-2-exec-4] DEBUG c.s.s.controller.ShortlinkController - Decode successful, returning response: DecodeResponse{originalUrl='https://test1.com', shortUrl='http://short.est/b', timestamp=1747786984918}
2025-05-20 17:23:04 [http-nio-auto-2-exec-6] DEBUG c.s.s.controller.ShortlinkController - Released permit. Available permits: 1
2025-05-20 17:23:04 [http-nio-auto-2-exec-10] DEBUG c.s.s.controller.ShortlinkController - Decode successful, returning response: DecodeResponse{originalUrl='https://test2.com', shortUrl='http://short.est/c', timestamp=1747786984919}
2025-05-20 17:23:04 [http-nio-auto-2-exec-10] DEBUG c.s.s.controller.ShortlinkController - Released permit. Available permits: 3
2025-05-20 17:23:04 [http-nio-auto-2-exec-4] DEBUG c.s.s.controller.ShortlinkController - Released permit. Available permits: 2
2025-05-20 17:23:04 [http-nio-auto-2-exec-1] DEBUG c.s.s.controller.ShortlinkController - Acquired permit, processing request. Available permits: 2
2025-05-20 17:23:04 [http-nio-auto-2-exec-7] DEBUG c.s.s.controller.ShortlinkController - Acquired permit, processing request. Available permits: 1
2025-05-20 17:23:04 [http-nio-auto-2-exec-1] INFO  c.s.s.controller.ShortlinkController - Received decode request for short URL: http://short.est/b
2025-05-20 17:23:04 [http-nio-auto-2-exec-7] INFO  c.s.s.controller.ShortlinkController - Received decode request for short URL: http://short.est/c
2025-05-20 17:23:04 [http-nio-auto-2-exec-1] DEBUG c.s.s.controller.ShortlinkController - Decode successful, returning response: DecodeResponse{originalUrl='https://test1.com', shortUrl='http://short.est/b', timestamp=1747786984940}
2025-05-20 17:23:04 [http-nio-auto-2-exec-7] DEBUG c.s.s.controller.ShortlinkController - Decode successful, returning response: DecodeResponse{originalUrl='https://test2.com', shortUrl='http://short.est/c', timestamp=1747786984940}
2025-05-20 17:23:04 [http-nio-auto-2-exec-1] DEBUG c.s.s.controller.ShortlinkController - Released permit. Available permits: 2
2025-05-20 17:23:04 [http-nio-auto-2-exec-7] DEBUG c.s.s.controller.ShortlinkController - Released permit. Available permits: 3
2025-05-20 17:23:04 [http-nio-auto-2-exec-9] DEBUG c.s.s.controller.ShortlinkController - Acquired permit, processing request. Available permits: 2
2025-05-20 17:23:04 [http-nio-auto-2-exec-9] INFO  c.s.s.controller.ShortlinkController - Received decode request for short URL: http://short.est/c
2025-05-20 17:23:04 [http-nio-auto-2-exec-9] DEBUG c.s.s.controller.ShortlinkController - Decode successful, returning response: DecodeResponse{originalUrl='https://test2.com', shortUrl='http://short.est/c', timestamp=1747786984967}
2025-05-20 17:23:04 [http-nio-auto-2-exec-9] DEBUG c.s.s.controller.ShortlinkController - Released permit. Available permits: 3
Decode results: 6 successful, 2 rejected
]]></system-out>
  </testcase>
  <testcase name="testSequentialRequestsAllSucceed" classname="com.solventum.shortlink.controller.ConcurrencyControlTest" time="0.064">
    <system-out><![CDATA[2025-05-20 17:23:04 [http-nio-auto-2-exec-3] TRACE o.s.w.s.m.m.a.RequestMappingHandlerMapping - Mapped to com.solventum.shortlink.controller.ShortlinkController#encodeUrl(EncodeRequest)
2025-05-20 17:23:05 [http-nio-auto-2-exec-3] DEBUG c.s.s.controller.ShortlinkController - Acquired permit, processing request. Available permits: 2
2025-05-20 17:23:05 [http-nio-auto-2-exec-3] INFO  c.s.s.controller.ShortlinkController - Received encode request for URL: https://sequential1.com
2025-05-20 17:23:05 [http-nio-auto-2-exec-3] DEBUG c.s.s.controller.ShortlinkController - Encode successful, returning response: EncodeResponse{shortUrl='http://short.est/e', originalUrl='https://sequential1.com', timestamp=1747786985001}
2025-05-20 17:23:05 [http-nio-auto-2-exec-3] DEBUG c.s.s.controller.ShortlinkController - Released permit. Available permits: 3
2025-05-20 17:23:05 [http-nio-auto-2-exec-6] TRACE o.s.w.s.m.m.a.RequestMappingHandlerMapping - Mapped to com.solventum.shortlink.controller.ShortlinkController#encodeUrl(EncodeRequest)
2025-05-20 17:23:05 [http-nio-auto-2-exec-6] DEBUG c.s.s.controller.ShortlinkController - Acquired permit, processing request. Available permits: 2
2025-05-20 17:23:05 [http-nio-auto-2-exec-6] INFO  c.s.s.controller.ShortlinkController - Received encode request for URL: https://sequential2.com
2025-05-20 17:23:05 [http-nio-auto-2-exec-6] DEBUG c.s.s.controller.ShortlinkController - Encode successful, returning response: EncodeResponse{shortUrl='http://short.est/f', originalUrl='https://sequential2.com', timestamp=1747786985013}
2025-05-20 17:23:05 [http-nio-auto-2-exec-6] DEBUG c.s.s.controller.ShortlinkController - Released permit. Available permits: 3
2025-05-20 17:23:05 [http-nio-auto-2-exec-10] TRACE o.s.w.s.m.m.a.RequestMappingHandlerMapping - Mapped to com.solventum.shortlink.controller.ShortlinkController#encodeUrl(EncodeRequest)
2025-05-20 17:23:05 [http-nio-auto-2-exec-10] DEBUG c.s.s.controller.ShortlinkController - Acquired permit, processing request. Available permits: 2
2025-05-20 17:23:05 [http-nio-auto-2-exec-10] INFO  c.s.s.controller.ShortlinkController - Received encode request for URL: https://sequential3.com
2025-05-20 17:23:05 [http-nio-auto-2-exec-10] DEBUG c.s.s.controller.ShortlinkController - Encode successful, returning response: EncodeResponse{shortUrl='http://short.est/g', originalUrl='https://sequential3.com', timestamp=1747786985023}
2025-05-20 17:23:05 [http-nio-auto-2-exec-10] DEBUG c.s.s.controller.ShortlinkController - Released permit. Available permits: 3
2025-05-20 17:23:05 [http-nio-auto-2-exec-4] TRACE o.s.w.s.m.m.a.RequestMappingHandlerMapping - Mapped to com.solventum.shortlink.controller.ShortlinkController#encodeUrl(EncodeRequest)
2025-05-20 17:23:05 [http-nio-auto-2-exec-4] DEBUG c.s.s.controller.ShortlinkController - Acquired permit, processing request. Available permits: 2
2025-05-20 17:23:05 [http-nio-auto-2-exec-4] INFO  c.s.s.controller.ShortlinkController - Received encode request for URL: https://sequential4.com
2025-05-20 17:23:05 [http-nio-auto-2-exec-4] DEBUG c.s.s.controller.ShortlinkController - Encode successful, returning response: EncodeResponse{shortUrl='http://short.est/h', originalUrl='https://sequential4.com', timestamp=1747786985031}
2025-05-20 17:23:05 [http-nio-auto-2-exec-4] DEBUG c.s.s.controller.ShortlinkController - Released permit. Available permits: 3
2025-05-20 17:23:05 [http-nio-auto-2-exec-8] TRACE o.s.w.s.m.m.a.RequestMappingHandlerMapping - Mapped to com.solventum.shortlink.controller.ShortlinkController#encodeUrl(EncodeRequest)
2025-05-20 17:23:05 [http-nio-auto-2-exec-8] DEBUG c.s.s.controller.ShortlinkController - Acquired permit, processing request. Available permits: 2
2025-05-20 17:23:05 [http-nio-auto-2-exec-8] INFO  c.s.s.controller.ShortlinkController - Received encode request for URL: https://sequential5.com
2025-05-20 17:23:05 [http-nio-auto-2-exec-8] DEBUG c.s.s.controller.ShortlinkController - Encode successful, returning response: EncodeResponse{shortUrl='http://short.est/i', originalUrl='https://sequential5.com', timestamp=1747786985042}
2025-05-20 17:23:05 [http-nio-auto-2-exec-8] DEBUG c.s.s.controller.ShortlinkController - Released permit. Available permits: 3
]]></system-out>
  </testcase>
  <testcase name="testConcurrencyLimitEnforce" classname="com.solventum.shortlink.controller.ConcurrencyControlTest" time="0.066">
    <system-out><![CDATA[2025-05-20 17:23:05 [http-nio-auto-2-exec-2] TRACE o.s.w.s.m.m.a.RequestMappingHandlerMapping - Mapped to com.solventum.shortlink.controller.ShortlinkController#encodeUrl(EncodeRequest)
2025-05-20 17:23:05 [http-nio-auto-2-exec-1] TRACE o.s.w.s.m.m.a.RequestMappingHandlerMapping - Mapped to com.solventum.shortlink.controller.ShortlinkController#encodeUrl(EncodeRequest)
2025-05-20 17:23:05 [http-nio-auto-2-exec-1] DEBUG c.s.s.controller.ShortlinkController - Acquired permit, processing request. Available permits: 2
2025-05-20 17:23:05 [http-nio-auto-2-exec-7] TRACE o.s.w.s.m.m.a.RequestMappingHandlerMapping - Mapped to com.solventum.shortlink.controller.ShortlinkController#encodeUrl(EncodeRequest)
2025-05-20 17:23:05 [http-nio-auto-2-exec-2] DEBUG c.s.s.controller.ShortlinkController - Acquired permit, processing request. Available permits: 1
2025-05-20 17:23:05 [http-nio-auto-2-exec-5] TRACE o.s.w.s.m.m.a.RequestMappingHandlerMapping - Mapped to com.solventum.shortlink.controller.ShortlinkController#encodeUrl(EncodeRequest)
2025-05-20 17:23:05 [http-nio-auto-2-exec-6] TRACE o.s.w.s.m.m.a.RequestMappingHandlerMapping - Mapped to com.solventum.shortlink.controller.ShortlinkController#encodeUrl(EncodeRequest)
2025-05-20 17:23:05 [http-nio-auto-2-exec-2] INFO  c.s.s.controller.ShortlinkController - Received encode request for URL: https://example6.com
2025-05-20 17:23:05 [http-nio-auto-2-exec-8] TRACE o.s.w.s.m.m.a.RequestMappingHandlerMapping - Mapped to com.solventum.shortlink.controller.ShortlinkController#encodeUrl(EncodeRequest)
2025-05-20 17:23:05 [http-nio-auto-2-exec-2] DEBUG c.s.s.controller.ShortlinkController - Encode successful, returning response: EncodeResponse{shortUrl='http://short.est/j', originalUrl='https://example6.com', timestamp=1747786985068}
2025-05-20 17:23:05 [http-nio-auto-2-exec-10] TRACE o.s.w.s.m.m.a.RequestMappingHandlerMapping - Mapped to com.solventum.shortlink.controller.ShortlinkController#encodeUrl(EncodeRequest)
2025-05-20 17:23:05 [http-nio-auto-2-exec-9] TRACE o.s.w.s.m.m.a.RequestMappingHandlerMapping - Mapped to com.solventum.shortlink.controller.ShortlinkController#encodeUrl(EncodeRequest)
2025-05-20 17:23:05 [http-nio-auto-2-exec-2] DEBUG c.s.s.controller.ShortlinkController - Released permit. Available permits: 2
2025-05-20 17:23:05 [http-nio-auto-2-exec-1] INFO  c.s.s.controller.ShortlinkController - Received encode request for URL: https://example3.com
2025-05-20 17:23:05 [http-nio-auto-2-exec-7] DEBUG c.s.s.controller.ShortlinkController - Acquired permit, processing request. Available permits: 1
2025-05-20 17:23:05 [http-nio-auto-2-exec-3] TRACE o.s.w.s.m.m.a.RequestMappingHandlerMapping - Mapped to com.solventum.shortlink.controller.ShortlinkController#encodeUrl(EncodeRequest)
2025-05-20 17:23:05 [http-nio-auto-2-exec-5] WARN  c.s.s.controller.ShortlinkController - Request rejected - service is busy. Available permits: 0
2025-05-20 17:23:05 [http-nio-auto-2-exec-6] DEBUG c.s.s.controller.ShortlinkController - Acquired permit, processing request. Available permits: 0
2025-05-20 17:23:05 [http-nio-auto-2-exec-9] WARN  c.s.s.controller.ShortlinkController - Request rejected - service is busy. Available permits: 0
2025-05-20 17:23:05 [http-nio-auto-2-exec-3] WARN  c.s.s.controller.ShortlinkController - Request rejected - service is busy. Available permits: 0
2025-05-20 17:23:05 [http-nio-auto-2-exec-6] INFO  c.s.s.controller.ShortlinkController - Received encode request for URL: https://example7.com
2025-05-20 17:23:05 [http-nio-auto-2-exec-10] WARN  c.s.s.controller.ShortlinkController - Request rejected - service is busy. Available permits: 0
2025-05-20 17:23:05 [http-nio-auto-2-exec-7] INFO  c.s.s.controller.ShortlinkController - Received encode request for URL: https://example5.com
2025-05-20 17:23:05 [http-nio-auto-2-exec-7] DEBUG c.s.s.controller.ShortlinkController - Encode successful, returning response: EncodeResponse{shortUrl='http://short.est/m', originalUrl='https://example5.com', timestamp=1747786985089}
2025-05-20 17:23:05 [http-nio-auto-2-exec-7] DEBUG c.s.s.controller.ShortlinkController - Released permit. Available permits: 1
2025-05-20 17:23:05 [http-nio-auto-2-exec-1] DEBUG c.s.s.controller.ShortlinkController - Encode successful, returning response: EncodeResponse{shortUrl='http://short.est/k', originalUrl='https://example3.com', timestamp=1747786985072}
2025-05-20 17:23:05 [http-nio-auto-2-exec-8] WARN  c.s.s.controller.ShortlinkController - Request rejected - service is busy. Available permits: 0
2025-05-20 17:23:05 [http-nio-auto-2-exec-4] TRACE o.s.w.s.m.m.a.RequestMappingHandlerMapping - Mapped to com.solventum.shortlink.controller.ShortlinkController#encodeUrl(EncodeRequest)
2025-05-20 17:23:05 [http-nio-auto-2-exec-6] DEBUG c.s.s.controller.ShortlinkController - Encode successful, returning response: EncodeResponse{shortUrl='http://short.est/l', originalUrl='https://example7.com', timestamp=1747786985080}
2025-05-20 17:23:05 [http-nio-auto-2-exec-1] DEBUG c.s.s.controller.ShortlinkController - Released permit. Available permits: 2
2025-05-20 17:23:05 [http-nio-auto-2-exec-6] DEBUG c.s.s.controller.ShortlinkController - Released permit. Available permits: 3
2025-05-20 17:23:05 [http-nio-auto-2-exec-4] DEBUG c.s.s.controller.ShortlinkController - Acquired permit, processing request. Available permits: 2
2025-05-20 17:23:05 [http-nio-auto-2-exec-4] INFO  c.s.s.controller.ShortlinkController - Received encode request for URL: https://example8.com
2025-05-20 17:23:05 [http-nio-auto-2-exec-4] DEBUG c.s.s.controller.ShortlinkController - Encode successful, returning response: EncodeResponse{shortUrl='http://short.est/n', originalUrl='https://example8.com', timestamp=1747786985095}
2025-05-20 17:23:05 [http-nio-auto-2-exec-4] DEBUG c.s.s.controller.ShortlinkController - Released permit. Available permits: 3
Results: 5 successful, 5 rejected, 0 errors
]]></system-out>
  </testcase>
</testsuite>